\o Program:		@(#)$CDS: libManager version 23.1 - CAT38 08/24/2023 05:06 (sjfdcl1184) $
\o Sub version:		sub-version  p306 
\o Arguments:		-unmapped -mpssession virtuoso2289797 -mpshost cae-europractice1.othr.de -masterPID 2289797 -ADVM 
\o Working Directory:	cae-europractice1.othr.de:/home/cae3/Desktop/ADC/ADC_ASIC
\o 64-bit offsets
\o Qt version: 		5.15.9
\o MPS virtuoso types registered: 68
\o changeWorkingDir("/home/cae3/Desktop/ADC/ADC_ASIC") unnecessary.
\o ddSetForcedLib("") unnecessary.
\o Session hidden cells enabled.
\o Log file is "/home/cae3/Desktop/ADC/ADC_ASIC/libManager.log".
\o Opening libManager window.
\a nrSetWindowVisibility(cdsLibManager "show")
\o MPS service: map window
\a nrSetCurrentWindow(cdsLibManager)
\o Library Manager customization server connected.
\a nrResizeWindow(cdsLibManager list(0 298 701 491))
\a nrSetWindowVisibility(cdsLibManager "hide")
\a _lmgrCloseIconify("cdsLibManager" 1)
\a nrSetWindowVisibility(cdsLibManager "show")
\o MPS service: map window
\a nrSetCurrentWindow(cdsLibManager)
\a cdsLibManager->FileNewLibButton->value = t
\a nrSetWindowVisibility(NewLibShell "show")
\a nrSetCurrentWindow(NewLibShell)
\a nrSetCurrentWindow(NewLibShell->subDialog)
\a nrResizeWindow(NewLibShell list(92 235 507 559))
\a nrSetCurrentWindow(cdsLibManager)
\a nrSetWindowVisibility(cdsLibManager "hide")
\a _lmgrCloseIconify("cdsLibManager" 1)
\o MPS service: shutdown
\o libManager is exiting.
\a exit(0)
